[0621/130357.867:INFO:CONSOLE(3787)] "LegacyDataMixin will be applied to all legacy elements.
Set `_legacyUndefinedCheck: true` on element class to enable.", source: https://www.youtube.com/s/desktop/d53e3d89/jsbin/desktop_polymer.vflset/desktop_polymer.js (3787)
[0621/130358.306:INFO:CONSOLE(0)] "Refused to display 'https://accounts.google.com/ServiceLogin?service=youtube&uilel=3&passive=true&continue=https%3A%2F%2Fwww.youtube.com%2Fsignin%3Faction_handle_signin%3Dtrue%26app%3Ddesktop%26hl%3Den%26next%3D%252Fsignin_passive%26feature%3Dpassive&hl=en' in a frame because it set 'X-Frame-Options' to 'deny'.", source: https://www.youtube.com/ (0)
[0621/130414.643:INFO:CONSOLE(3787)] "LegacyDataMixin will be applied to all legacy elements.
Set `_legacyUndefinedCheck: true` on element class to enable.", source: https://www.youtube.com/s/desktop/d53e3d89/jsbin/desktop_polymer.vflset/desktop_polymer.js (3787)
[0621/130415.074:INFO:CONSOLE(0)] "Refused to display 'https://accounts.google.com/ServiceLogin?service=youtube&uilel=3&passive=true&continue=https%3A%2F%2Fwww.youtube.com%2Fsignin%3Faction_handle_signin%3Dtrue%26app%3Ddesktop%26hl%3Den%26next%3D%252Fsignin_passive%26feature%3Dpassive&hl=en' in a frame because it set 'X-Frame-Options' to 'deny'.", source: https://www.youtube.com/ (0)
[0621/130419.156:INFO:CONSOLE(0)] "The resource https://i.ytimg.com/generate_204 was preloaded using link preload but not used within a few seconds from the window's load event. Please make sure it has an appropriate `as` value and it is preloaded intentionally.", source: https://www.youtube.com/ (0)
[0621/130553.054:INFO:CONSOLE(3787)] "LegacyDataMixin will be applied to all legacy elements.
Set `_legacyUndefinedCheck: true` on element class to enable.", source: https://www.youtube.com/s/desktop/d53e3d89/jsbin/desktop_polymer.vflset/desktop_polymer.js (3787)
[0621/130553.524:INFO:CONSOLE(0)] "Refused to display 'https://accounts.google.com/ServiceLogin?service=youtube&uilel=3&passive=true&continue=https%3A%2F%2Fwww.youtube.com%2Fsignin%3Faction_handle_signin%3Dtrue%26app%3Ddesktop%26hl%3Den%26next%3D%252Fsignin_passive%26feature%3Dpassive&hl=en' in a frame because it set 'X-Frame-Options' to 'deny'.", source: https://www.youtube.com/ (0)
[0621/130557.336:INFO:CONSOLE(3787)] "LegacyDataMixin will be applied to all legacy elements.
Set `_legacyUndefinedCheck: true` on element class to enable.", source: https://www.youtube.com/s/desktop/d53e3d89/jsbin/desktop_polymer.vflset/desktop_polymer.js (3787)
[0621/130625.183:INFO:CONSOLE(3787)] "LegacyDataMixin will be applied to all legacy elements.
Set `_legacyUndefinedCheck: true` on element class to enable.", source: https://www.youtube.com/s/desktop/d53e3d89/jsbin/desktop_polymer.vflset/desktop_polymer.js (3787)
[0621/130625.620:INFO:CONSOLE(0)] "Refused to display 'https://accounts.google.com/ServiceLogin?service=youtube&uilel=3&passive=true&continue=https%3A%2F%2Fwww.youtube.com%2Fsignin%3Faction_handle_signin%3Dtrue%26app%3Ddesktop%26hl%3Den%26next%3D%252Fsignin_passive%26feature%3Dpassive&hl=en' in a frame because it set 'X-Frame-Options' to 'deny'.", source: https://www.youtube.com/ (0)
[0621/130630.399:INFO:CONSOLE(0)] "The resource https://i.ytimg.com/generate_204 was preloaded using link preload but not used within a few seconds from the window's load event. Please make sure it has an appropriate `as` value and it is preloaded intentionally.", source: https://www.youtube.com/ (0)
[0621/130652.629:ERROR:ssl_client_socket_impl.cc(960)] handshake failed; returned -1, SSL error code 1, net_error -202
[0621/133124.297:INFO:CONSOLE(3787)] "LegacyDataMixin will be applied to all legacy elements.
Set `_legacyUndefinedCheck: true` on element class to enable.", source: https://www.youtube.com/s/desktop/d53e3d89/jsbin/desktop_polymer.vflset/desktop_polymer.js (3787)
[0621/133124.986:INFO:CONSOLE(0)] "Refused to display 'https://accounts.google.com/ServiceLogin?service=youtube&uilel=3&passive=true&continue=https%3A%2F%2Fwww.youtube.com%2Fsignin%3Faction_handle_signin%3Dtrue%26app%3Ddesktop%26hl%3Den%26next%3D%252Fsignin_passive%26feature%3Dpassive&hl=en' in a frame because it set 'X-Frame-Options' to 'deny'.", source: https://www.youtube.com/ (0)
[0621/133128.956:INFO:CONSOLE(0)] "The resource https://i.ytimg.com/generate_204 was preloaded using link preload but not used within a few seconds from the window's load event. Please make sure it has an appropriate `as` value and it is preloaded intentionally.", source: https://www.youtube.com/ (0)
[0621/133158.785:WARNING:sync_reader.cc(171)] ASR: No room in socket buffer.: パイプを閉じています。 (0xE8)
[0621/133259.745:WARNING:sync_reader.cc(171)] ASR: No room in socket buffer.: パイプを閉じています。 (0xE8)
[0621/150144.199:INFO:CONSOLE(3787)] "LegacyDataMixin will be applied to all legacy elements.
Set `_legacyUndefinedCheck: true` on element class to enable.", source: https://www.youtube.com/s/desktop/d53e3d89/jsbin/desktop_polymer.vflset/desktop_polymer.js (3787)
[0621/150144.743:INFO:CONSOLE(0)] "Refused to display 'https://accounts.google.com/ServiceLogin?service=youtube&uilel=3&passive=true&continue=https%3A%2F%2Fwww.youtube.com%2Fsignin%3Faction_handle_signin%3Dtrue%26app%3Ddesktop%26hl%3Den%26next%3D%252Fsignin_passive%26feature%3Dpassive&hl=en' in a frame because it set 'X-Frame-Options' to 'deny'.", source: https://www.youtube.com/ (0)
[0621/150148.834:INFO:CONSOLE(0)] "The resource https://i.ytimg.com/generate_204 was preloaded using link preload but not used within a few seconds from the window's load event. Please make sure it has an appropriate `as` value and it is preloaded intentionally.", source: https://www.youtube.com/ (0)
[1105/101148.954:INFO:CONSOLE(3766)] "LegacyDataMixin will be applied to all legacy elements.
Set `_legacyUndefinedCheck: true` on element class to enable.", source: https://www.youtube.com/s/desktop/73bdaeaa/jsbin/desktop_polymer_remove_unused_prototype_props.vflset/desktop_polymer_remove_unused_prototype_props.js (3766)
[1105/101149.519:INFO:CONSOLE(0)] "Refused to display 'https://accounts.google.com/ServiceLogin?service=youtube&uilel=3&passive=true&continue=https%3A%2F%2Fwww.youtube.com%2Fsignin%3Faction_handle_signin%3Dtrue%26app%3Ddesktop%26hl%3Den%26next%3D%252Fsignin_passive%26feature%3Dpassive&hl=en' in a frame because it set 'X-Frame-Options' to 'deny'.", source: https://www.youtube.com/ (0)
